<?xml version="1.0" encoding="UTF-8"?>
<!-- Generated by org.testng.reporters.JUnitReportReporter -->
<testsuite hostname="DESKTOP-VPG8QQH" failures="0" tests="1" name="demo.advantage.tests.LaptopOrderTest" time="7.090" errors="0" timestamp="2024-12-12T15:46:13 GMT" skipped="0">
  <testcase classname="demo.advantage.tests.LaptopOrderTest" name="laptopOrder" time="7.090"/>
  <system-out/>
</testsuite> <!-- demo.advantage.tests.LaptopOrderTest -->
